commit b4c8e4b7b2324f09be4472d624d9a6dccff392e1
Author: Dmytro Cheva <dmytro.cheva@gmail.com>
Date:   Sun Nov 12 21:23:57 2023 +0200

    Add and .gitignore LittleNavMap files

M	.gitignore

commit cfba864f24846a2b230a7594507b164524c2b00e
Author: Dmytro Cheva <dmytro.cheva@gmail.com>
Date:   Sun Nov 12 21:21:56 2023 +0200

    Add .gitignore to LittleNavMap files

M	.gitignore

commit 7e815aa594b4676d49c856a56a5825f507b00478
Author: Dmytro Cheva <dmytro.cheva@gmail.com>
Date:   Sun Nov 12 21:19:29 2023 +0200

    Add LittleNavMap files

M	.gitignore
A	Little Navmap Files/GLOBE Elevation Data/a11g

commit 388a3b91db5afc094c7780a24a63ce4cb4e80d24
Author: Dmytro Cheva <dmytro.cheva@gmail.com>
Date:   Sat Nov 11 20:55:35 2023 +0200

    Update all

D	DCE/76561198412322587/aydzsxttobbgqngvvpjgojoglmkxgbfc
D	DCE/76561198412322587/egyiwxgcjwlgrsmeaearwtvjsjbaoioj
D	DCE/76561198412322587/ffaclvgrzkkldacllteojomonxrqyjzg
D	DCE/76561198412322587/fgfrcclmznmjugwwbsqfcihubsjollms
D	DCE/76561198412322587/haefqzaauldrchjccdyrfvvrivuyeegf
D	DCE/76561198412322587/inrnnzwacxxaedrwudxzrfusewjtboxv
D	DCE/76561198412322587/ivdrcygurqdredakubnfguproqylobcw
D	DCE/76561198412322587/lwhypnvruihoswkifygtydhacwyhsgew
D	DCE/76561198412322587/pypckqchbddzwrxbzmqrlxvobtwhxgin
D	DCE/76561198412322587/qsghmcphelsotflbgsfnpcuzsrupchyn
D	DCE/76561198412322587/qxkzmausjgmhcmhgdnmphnqkamhurktr
D	DCE/76561198412322587/vzhcpqugriwniqxdfjpwpxfblkpnpeel
D	DCE/76561198412322587/ynfhkstcenaumnddxfdmvzcautdcckxa
D	DCE/76561198412322587/zmtgonzltjhgauhnihreqgjfwkjsmtpj
M	Perfomance/A2A Piper Pa-24-250 Comanche.lnmperf
A	Perfomance/Azurpoly C160 Transall.lnmperf
M	Perfomance/Bonanza G36 Asobo - Robert Young mod.lnmperf
M	Perfomance/Bonanza G36 Asobo Modded.lnmperf
M	Perfomance/Cessna 208B Grand Caravan EX.lnmperf
M	Perfomance/Cessna Longitude Asobo.lnmperf
A	Perfomance/DC6B PMDG.lnmperf
A	Perfomance/DHC6-300.lnmperf
M	PublishingGroups.json
M	SceneryIndexes/asobo-airport-biis-isafjordur.dat
M	SceneryIndexes/asobo-airport-eidl-donegal.dat
M	SceneryIndexes/asobo-airport-kjfk-new-york-jfk.dat
M	SceneryIndexes/asobo-airport-ksea-seattle-tacoma.dat
M	SceneryIndexes/asobo-airport-lemd-adolfo-suarez.dat
M	SceneryIndexes/fs-base-ai-traffic.dat
A	SceneryIndexes/fs-base-coverage-map-nordics2-tin.dat
M	SceneryIndexes/fs-base-genericairports.dat
M	SceneryIndexes/fs-base-nav.dat
A	SceneryIndexes/microsoft-airport-biar-akureyri.dat
A	SceneryIndexes/microsoft-airport-efiv-ivalo.dat
A	SceneryIndexes/microsoft-airport-efva-vaasa.dat
A	SceneryIndexes/microsoft-airport-ekrn-bornholm.dat
A	SceneryIndexes/microsoft-airport-enlk-leknes.dat
A	SceneryIndexes/microsoft-airport-enra-moirana.dat
A	SceneryIndexes/microsoft-airport-ensb-svalbard.dat
A	SceneryIndexes/microsoft-airport-esnq-kiruna.dat
A	SceneryIndexes/microsoft-airport-essa-arlanda.dat
A	SceneryIndexes/microsoft-bushtrip-no2-greenland.dat
A	SceneryIndexes/microsoft-nordic-point-of-interest.dat
A	SceneryIndexes/microsoft-nordics2-point-of-interest.dat
M	UserCfg.opt
D	installed.zip

commit 66e9ea0eafad05ddcf1c42d30382bc4838099c15
Author: Dmytro Cheva <dmytro.cheva@gmail.com>
Date:   Wed Sep 20 18:48:54 2023 +0300

    Update all

M	MISSIONS/Custom/CustomFlight/CUSTOMFLIGHT.PLN
M	MISSIONS/Custom/CustomFlight/CustomFlight.FLT
A	Plans/IFR Cambridge (EGSC) to London City (EGLC).pln
M	SimObjects/Airplanes/bksq-aircraft-analogbaronturbo/cameras.CFG
M	SimObjects/Airplanes/bksq-aircraft-analogbaronturbo/state.CFG
M	UserCfg.opt

commit bf786616c1a61c2afe55abb982547df8c325eb98
Author: Dmytro Cheva <dmytro.cheva@gmail.com>
Date:   Wed Sep 20 11:02:05 2023 +0300

    Update all

M	MISSIONS/Custom/CustomFlight/CUSTOMFLIGHT.PLN
M	MISSIONS/Custom/CustomFlight/CustomFlight.FLT
M	Perfomance/Baron 58 Analog Instrumentation.lnmperf
A	Plans/IFR Cranfield (EGTC) to Cambridge (EGSC).pln
A	Plans/IFR London City (EGLC) to Cranfield (EGTC).pln
M	SimObjects/Airplanes/bksq-aircraft-analogbaronturbo/state.CFG

commit c0a45b2ad6f5ffde9553405f68619010c2685b9c
Author: Dmytro Cheva <dmytro.cheva@gmail.com>
Date:   Tue Sep 19 13:30:23 2023 +0300

    Update all

M	MISSIONS/Custom/CustomFlight/CustomFlight.FLT
A	Perfomance/A2A Beechcraft V35B Bonanza.lnmperf
A	Perfomance/A2A Lockheed Constellation L049.lnmperf
A	Perfomance/A2A Piper Pa-24-250 Comanche.lnmperf
A	Perfomance/A2A Supermarine Spitfire Mk IIa.lnmperf
A	Perfomance/AC500.lnmperf
A	Perfomance/AN2.lnmperf
A	Perfomance/Aermachi MB-339A.lnmperf
A	Perfomance/Aero-works Aerolite.lnmperf
A	Perfomance/Aerosoft CRJ700ER.lnmperf
A	Perfomance/Airbus A319.lnmperf
A	Perfomance/Airbus A32NX FlyByWire.lnmperf
A	Perfomance/Asobo XCub Bush League Legends 180hp mod.lnmperf
A	Perfomance/Aviat husky A-1C.lnmperf
A	Perfomance/Baron 58 Analog Instrumentation.lnmperf
A	Perfomance/Beech Baron 58 Paint2.lnmperf
A	Perfomance/Beech D18S N9001 Cargo.lnmperf
A	Perfomance/Beechcraft Bonanza G36.lnmperf
A	Perfomance/Beechcraft King Air 350i Asobo.lnmperf
A	Perfomance/Big Radials Grumman Goose G21A.lnmperf
A	Perfomance/Boeing 247D (1).lnmperf
A	Perfomance/Boeing 247D.lnmperf
A	Perfomance/Boeing 737 Max.lnmperf
A	Perfomance/Boeing 737-8K2NGX Winglets.lnmperf
A	Perfomance/Boeing 747-8.lnmperf
A	Perfomance/Boeing 767-300ER XP11.lnmperf
A	Perfomance/Boeing 787-10 Dreamliner.lnmperf
A	Perfomance/Bonanza G36 Asobo - Robert Young mod.lnmperf
A	Perfomance/Bonanza G36 Asobo Modded.lnmperf
A	Perfomance/Britten Norman Islander.lnmperf
A	Perfomance/CRJ550_FL300_revA.lnmperf
A	Perfomance/CTLS Ultralight.lnmperf
A	Perfomance/Caravan 208B Analog.lnmperf
A	Perfomance/Carenado C90B King Air.lnmperf
A	Perfomance/Carenado CT182T Skylane N2963N.lnmperf
A	Perfomance/Carenado Cessna 337 Skymaster.lnmperf
A	Perfomance/Cessna 152 Aerobat.lnmperf
A	Perfomance/Cessna 208 Caravan.lnmperf
A	Perfomance/Cessna 208B Grand Caravan EX.lnmperf
A	Perfomance/Cessna Citation CJ4 - Working Title 0.7.3 - v1.lnmperf
A	Perfomance/Cessna Longitude Asobo.lnmperf
A	Perfomance/Cessna Longitude DAKFLY.lnmperf
A	Perfomance/Cessna Skyhawk G1000 Asobo.lnmperf
A	Perfomance/DA62 Orange.lnmperf
A	Perfomance/Daher TBM 930 can.lnmperf
A	Perfomance/De Havilland Dash 8 Q 400.lnmperf
A	Perfomance/DeHavilland DHC-4 Caribou.lnmperf
A	Perfomance/Diamond 62.lnmperf
A	Perfomance/Diamond DA40NG Modded.lnmperf
A	Perfomance/Diamond DA62 Modded.lnmperf
A	Perfomance/Douglas C-47 V3.lnmperf
A	Perfomance/Douglas DC-3 Bare Metal Emerald.lnmperf
A	Perfomance/Douglas DC-3 Bare Metal.lnmperf
A	Perfomance/Douglas DC-3.lnmperf
A	Perfomance/FSE Cessna 207 SkyWagon.lnmperf
A	Perfomance/FSE Cessna 207 Stationair 8.lnmperf
A	Perfomance/FeelThere E-jets v.2 E175.lnmperf
A	Perfomance/FenixA320_.lnmperf
A	Perfomance/FlightFX HJET HA420.lnmperf
A	Perfomance/FlightFX Vision Jet G2_AFM_Final.lnmperf
A	Perfomance/Grumman Goose G21A Analog.lnmperf
A	Perfomance/Grumman Goose G21A OZx.lnmperf
A	Perfomance/JU-52 3m.lnmperf
A	Perfomance/King Air 350i Analog.lnmperf
A	Perfomance/MD-82 Maddog X.lnmperf
A	Perfomance/Milviz Cessna 310R by zkdos.lnmperf
A	Perfomance/Milviz Cessna 310R.lnmperf
A	Perfomance/PMDG Boeing 737-700.lnmperf
A	Perfomance/REDWING CONI Super-Constellation L1049.lnmperf
A	Perfomance/SR22 Asobo-Final.lnmperf
A	Perfomance/Savage Shock Ultra Asobo.lnmperf
A	Perfomance/TBM 930 Purple, Pink & Cream.lnmperf
A	Perfomance/V35.lnmperf
A	Perfomance/VL-3 915 Lion.lnmperf
A	Plans/IFR Blackbushe (EGLK) to London City (EGLC).pln
A	Plans/IFR London City (EGLC) to Eelde (EHGG).lnmpln
A	Plans/IFR London City (EGLC) to Le Bourget (LFPB).pln
A	SimObjects/Airplanes/Asobo_DA40_NG/state.CFG
M	SimObjects/Airplanes/Asobo_NXCub/state.CFG
M	SimObjects/Airplanes/bksq-aircraft-analogbaronturbo/cameras.CFG
M	SimObjects/Airplanes/bksq-aircraft-analogbaronturbo/state.CFG
M	SimObjects/Airplanes/bksq-aircraft-analogcaravan/state.CFG
M	UserCfg.opt
D	msplans.lnk

commit 2132fb27caa1bc001f63d123f316dc77f7354e10
Author: Dmytro Cheva <dmytro.cheva@gmail.com>
Date:   Sat Sep 16 13:03:45 2023 +0300

    Tested

M	AirHauler2FS~Company/Dee120057.db
M	SimObjects/Airplanes/bksq-aircraft-analogcaravan/state.CFG

commit be84ecacf588d7295ba0cc8c73704fc1353b7d94
Author: Dmytro Cheva <dmytro.cheva@gmail.com>
Date:   Sat Sep 16 13:03:14 2023 +0300

    Check settings via Type Rating C208 in EGLC

M	.gitignore
R098	AirHauler2FS~Company/Dee Cartel103618.db	AirHauler2FS~Company/Dee120057.db
M	MISSIONS/Custom/CustomFlight/CUSTOMFLIGHT.PLN
M	MISSIONS/Custom/CustomFlight/CustomFlight.FLT
M	SimObjects/Airplanes/bksq-aircraft-analogcaravan/cameras.CFG
M	SimObjects/Airplanes/bksq-aircraft-analogcaravan/state.CFG
M	UserCfg.opt

commit d65ab2bd34dab10e3f3f2316a4ad471380aba46e
Author: Dmytro Cheva <dmytro.cheva@gmail.com>
Date:   Sat Sep 16 11:08:08 2023 +0300

    Remove DCE from commits

M	.gitignore

commit 0f7f443ac17579b66aefb18bb25a6b50c4b1e3cd
Author: Dmytro Cheva <dmytro.cheva@gmail.com>
Date:   Sat Sep 16 11:06:45 2023 +0300

    Start AirHauler2FS~Company

A	AirHauler2FS~Company/Dee Cartel103618.db
D	Current.SPB
A	DCE/76561198412322587/aydzsxttobbgqngvvpjgojoglmkxgbfc
D	DCE/76561198412322587/bmxrmhuyfyqgajqkcklznayxqkqoyzwm
A	DCE/76561198412322587/egyiwxgcjwlgrsmeaearwtvjsjbaoioj
A	DCE/76561198412322587/ffaclvgrzkkldacllteojomonxrqyjzg
A	DCE/76561198412322587/fgfrcclmznmjugwwbsqfcihubsjollms
D	DCE/76561198412322587/fxwwkmfxdyygmdcaszsgovsodkjghcwm
D	DCE/76561198412322587/gycdrudmphmeckotrwospofghfozqvlq
A	DCE/76561198412322587/haefqzaauldrchjccdyrfvvrivuyeegf
D	DCE/76561198412322587/hsecdwracgfmzkgipdfodkjmjqwiqpuo
D	DCE/76561198412322587/hthxdjgkjelrlpaxamceroswitdptpcc
D	DCE/76561198412322587/igbhzjzujxmmyspnaraewkegjccvhhrj
A	DCE/76561198412322587/inrnnzwacxxaedrwudxzrfusewjtboxv
A	DCE/76561198412322587/ivdrcygurqdredakubnfguproqylobcw
D	DCE/76561198412322587/lifkeljytihrcqaybnefxnxvgzedyyhn
A	DCE/76561198412322587/lwhypnvruihoswkifygtydhacwyhsgew
D	DCE/76561198412322587/mfqrmyjfjnhhssqctydteamdcjbprhtn
A	DCE/76561198412322587/pypckqchbddzwrxbzmqrlxvobtwhxgin
D	DCE/76561198412322587/qhimvfvuzwyvijgfullkjduhsjafbtlk
A	DCE/76561198412322587/qsghmcphelsotflbgsfnpcuzsrupchyn
A	DCE/76561198412322587/qxkzmausjgmhcmhgdnmphnqkamhurktr
D	DCE/76561198412322587/toidukuhjzefczzzbfkqdpqzikfobucd
D	DCE/76561198412322587/vbjtsqdjootgpknfpfycgfieowqrwwwp
A	DCE/76561198412322587/vzhcpqugriwniqxdfjpwpxfblkpnpeel
A	DCE/76561198412322587/ynfhkstcenaumnddxfdmvzcautdcckxa
D	DCE/76561198412322587/yrgzvxdhpoamvafyrarxsvkhtqdihers
D	DCE/76561198412322587/yubzazcpkhktkydzivcuypurfmbisgek
A	DCE/76561198412322587/zmtgonzltjhgauhnihreqgjfwkjsmtpj
D	DCE/76561198412322587/zsqmetogepspxnvjiupalyynmkmnuvkl
M	MISSIONS/Custom/CustomFlight/CustomFlight.FLT
M	PublishingGroups.json
M	SceneryIndexes/navigraph-navdata-base.dat
M	SceneryIndexes/navigraph-navdata.dat
A	SimObjects/Airplanes/bksq-aircraft-analogcaravan/cameras.CFG
A	SimObjects/Airplanes/bksq-aircraft-analogcaravan/state.CFG
D	TemporaryFlight.SPB
M	UserCfg.opt
D	currentFlight.SPB
A	installed.zip

commit a272099ddc026a6421f7fc5cd0670bcc01ee5db8
Author: Dmytro Cheva <dmytro.cheva@gmail.com>
Date:   Tue Sep 12 05:29:24 2023 +0300

    Update all

M	SimObjects/Airplanes/douglas-dc3/state.CFG
M	UserCfg.opt
D	running.lock

commit 6582df86ac2728d25ade360da8c7fbeee1f91c74
Author: Dmytro Cheva <dmytro.cheva@gmail.com>
Date:   Tue Sep 12 04:47:54 2023 +0300

    Set Global render Medium

M	UserCfg.opt

commit c7838b5443f4a06ac3dbf345d03f5821443c5d23
Author: Dmytro Cheva <dmytro.cheva@gmail.com>
Date:   Tue Sep 12 04:45:49 2023 +0300

    Remove MButton freelook set F12

M	MISSIONS/Custom/CustomFlight/CUSTOMFLIGHT.PLN
M	MISSIONS/Custom/CustomFlight/CustomFlight.FLT
M	UserCfg.opt
A	running.lock

commit ee16aa7c5d25e7dc6521fcad97d2914131829588
Author: Dmytro Cheva <dmytro.cheva@gmail.com>
Date:   Tue Sep 12 04:27:39 2023 +0300

    Up

M	README.MD

commit a41bb340782ad158681819c920f1060812e52cc7
Author: Dmytro Cheva <dmytro.cheva@gmail.com>
Date:   Tue Sep 12 04:27:07 2023 +0300

    Add README.MD

A	.gitattributes
A	.gitignore
A	Cameras.CFG
A	CrashReport.txt
A	Current.SPB
A	DCE/76561198412322587/bmxrmhuyfyqgajqkcklznayxqkqoyzwm
A	DCE/76561198412322587/fxwwkmfxdyygmdcaszsgovsodkjghcwm
A	DCE/76561198412322587/gycdrudmphmeckotrwospofghfozqvlq
A	DCE/76561198412322587/hsecdwracgfmzkgipdfodkjmjqwiqpuo
A	DCE/76561198412322587/hthxdjgkjelrlpaxamceroswitdptpcc
A	DCE/76561198412322587/igbhzjzujxmmyspnaraewkegjccvhhrj
A	DCE/76561198412322587/lifkeljytihrcqaybnefxnxvgzedyyhn
A	DCE/76561198412322587/mfqrmyjfjnhhssqctydteamdcjbprhtn
A	DCE/76561198412322587/qhimvfvuzwyvijgfullkjduhsjafbtlk
A	DCE/76561198412322587/toidukuhjzefczzzbfkqdpqzikfobucd
A	DCE/76561198412322587/vbjtsqdjootgpknfpfycgfieowqrwwwp
A	DCE/76561198412322587/yrgzvxdhpoamvafyrarxsvkhtqdihers
A	DCE/76561198412322587/yubzazcpkhktkydzivcuypurfmbisgek
A	DCE/76561198412322587/zsqmetogepspxnvjiupalyynmkmnuvkl
A	EXE.xml
A	FlightSimulator.CFG
A	GrantedRewards.BIN
A	GrantedRewardsOld.BIN
A	MISSIONS/Custom/CustomFlight/CUSTOMFLIGHT.PLN
A	MISSIONS/Custom/CustomFlight/CustomFlight.FLT
A	MISSIONS/Custom/CustomFlight/CustomFlight.SPB
A	Packages/fsuipc-lvar-module/mabe4d292a46770c8_0.cache
A	Packages/fsuipc-lvar-module/mabe4d292a46770c8_0.dll
A	Packages/fsuipc-lvar-module/mabe4d292a46770c8_0.lib
A	Packages/fsuipc-lvar-module/mabe4d292a46770c8_0.obj
A	Packages/fsuipc-lvar-module/work/FSUIPC_WASM.log
A	Packages/fsuipc-lvar-module/work/FSUIPC_WASM_prev.log
A	Packages/justflight-aircraft-146/m3bc95d60c511848b_0.cache
A	Packages/justflight-aircraft-146/m3bc95d60c511848b_0.dll
A	Packages/justflight-aircraft-146/m3bc95d60c511848b_0.lib
A	Packages/justflight-aircraft-146/m3bc95d60c511848b_0.obj
A	Packages/justflight-aircraft-146/mae98fe841c4d6744_0.cache
A	Packages/justflight-aircraft-146/mae98fe841c4d6744_0.dll
A	Packages/justflight-aircraft-146/mae98fe841c4d6744_0.lib
A	Packages/justflight-aircraft-146/mae98fe841c4d6744_0.obj
A	Packages/justflight-aircraft-146/work/JF_146.ini
A	Packages/justflight-aircraft-146/work/userinfo.txt
A	Packages/nextgensim-aircraft-bandeirante/m09d108eff2c6c3b0_0.cache
A	Packages/nextgensim-aircraft-bandeirante/m09d108eff2c6c3b0_0.dll
A	Packages/nextgensim-aircraft-bandeirante/m09d108eff2c6c3b0_0.lib
A	Packages/nextgensim-aircraft-bandeirante/m09d108eff2c6c3b0_0.obj
A	PublishingGroups.json
A	README.MD
A	SceneryIndexes/aerosoft-airport-edsb-karlsruhe-baden-baden.dat
A	SceneryIndexes/asobo-airport-biis-isafjordur.dat
A	SceneryIndexes/asobo-airport-c53-lowerloon.dat
A	SceneryIndexes/asobo-airport-cytz-billy-bishop.dat
A	SceneryIndexes/asobo-airport-czst-stewart-aerodrome.dat
A	SceneryIndexes/asobo-airport-eham-amsterdam.dat
A	SceneryIndexes/asobo-airport-eidl-donegal.dat
A	SceneryIndexes/asobo-airport-fact-cape-town.dat
A	SceneryIndexes/asobo-airport-fxme-maketane.dat
A	SceneryIndexes/asobo-airport-heca-cairo.dat
A	SceneryIndexes/asobo-airport-huen-entebbe.dat
A	SceneryIndexes/asobo-airport-kase-aspen.dat
A	SceneryIndexes/asobo-airport-keb-nanwalek.dat
A	SceneryIndexes/asobo-airport-kjfk-new-york-jfk.dat
A	SceneryIndexes/asobo-airport-klax-losangeles.dat
A	SceneryIndexes/asobo-airport-kmco-orlando.dat
A	SceneryIndexes/asobo-airport-knfl-nas-fallon.dat
A	SceneryIndexes/asobo-airport-knkx-miramar-mcas.dat
A	SceneryIndexes/asobo-airport-kord-chicago-ohare.dat
A	SceneryIndexes/asobo-airport-ksea-seattle-tacoma.dat
A	SceneryIndexes/asobo-airport-ksez-sedona.dat
A	SceneryIndexes/asobo-airport-ktex-telluride.dat
A	SceneryIndexes/asobo-airport-kxmr-cap-canaveral.dat
A	SceneryIndexes/asobo-airport-lemd-adolfo-suarez.dat
A	SceneryIndexes/asobo-airport-lfcs-saucats.dat
A	SceneryIndexes/asobo-airport-lflj-courchevel.dat
A	SceneryIndexes/asobo-airport-lfpg-paris-charles-de-gaulle.dat
A	SceneryIndexes/asobo-airport-lowi-innsbruck.dat
A	SceneryIndexes/asobo-airport-lpma-madeira.dat
A	SceneryIndexes/asobo-airport-lxgb-gibraltar.dat
A	SceneryIndexes/asobo-airport-mhtg-toncontin.dat
A	SceneryIndexes/asobo-airport-mrsn-sirena-station.dat
A	SceneryIndexes/asobo-airport-nzqn-queenstown.dat
A	SceneryIndexes/asobo-airport-rjtt-tokyo-haneda.dat
A	SceneryIndexes/asobo-airport-rjx8-suwanosejima.dat
A	SceneryIndexes/asobo-airport-rors-shimojishima.dat
A	SceneryIndexes/asobo-airport-sbgl-riodejaneiro.dat
A	SceneryIndexes/asobo-airport-seqm-mariscal-sucre-quito.dat
A	SceneryIndexes/asobo-airport-spgl-chagual.dat
A	SceneryIndexes/asobo-airport-tffj-gustaf.dat
A	SceneryIndexes/asobo-airport-tncs-saba.dat
A	SceneryIndexes/asobo-airport-vnlk-lukla.dat
A	SceneryIndexes/asobo-airport-vqpr-paro.dat
A	SceneryIndexes/asobo-airport-wx53-bugalaga.dat
A	SceneryIndexes/asobo-airport-yssy-sydney.dat
A	SceneryIndexes/asobo-jetways.dat
A	SceneryIndexes/asobo-liveevent.dat
A	SceneryIndexes/asobo-modellib-airport-generic.dat
A	SceneryIndexes/asobo-modellib-buildings.dat
A	SceneryIndexes/asobo-modellib-props.dat
A	SceneryIndexes/asobo-vfx-staticmesh.dat
A	SceneryIndexes/barellimsfsaddon-airport-limf-turin.dat
A	SceneryIndexes/bigradials-aircraft-goose.dat
A	SceneryIndexes/bksq-misc-real-taxiways-euro.dat
A	SceneryIndexes/bmw-airport-eddw-bremen.dat
A	SceneryIndexes/flydesign-airport-lfmd-cannes-mandelieu.dat
A	SceneryIndexes/fs-base-ai-traffic.dat
A	SceneryIndexes/fs-base-coverage-map-australia-tin.dat
A	SceneryIndexes/fs-base-coverage-map-canada-tin.dat
A	SceneryIndexes/fs-base-coverage-map-france-tin.dat
A	SceneryIndexes/fs-base-coverage-map-germany-tin.dat
A	SceneryIndexes/fs-base-coverage-map-italy-tin.dat
A	SceneryIndexes/fs-base-coverage-map-japan-tin.dat
A	SceneryIndexes/fs-base-coverage-map-nz-tin.dat
A	SceneryIndexes/fs-base-coverage-map-uk-tin.dat
A	SceneryIndexes/fs-base-coverage-map-us2-tin.dat
A	SceneryIndexes/fs-base-genericairports.dat
A	SceneryIndexes/fs-base-nav.dat
A	SceneryIndexes/fs-base-ui-vr.dat
A	SceneryIndexes/fs-base.dat
A	SceneryIndexes/fsdg-glx-aa.dat
A	SceneryIndexes/gazsim-airport-ukkm-antonov.dat
A	SceneryIndexes/inibuilds-airport-nzqn-queenstown.dat
A	SceneryIndexes/llh-airport-lflj-courchevel.dat
A	SceneryIndexes/microsoft-airport-edgd-fuessen.dat
A	SceneryIndexes/microsoft-airport-egao-aboyneairfield.dat
A	SceneryIndexes/microsoft-airport-eglw-london-heliport.dat
A	SceneryIndexes/microsoft-airport-fawc-worcestercape.dat
A	SceneryIndexes/microsoft-airport-fyvf-veronicaflying.dat
A	SceneryIndexes/microsoft-airport-krvl-mifflincounty.dat
A	SceneryIndexes/microsoft-airport-lfnc-stcrepin.dat
A	SceneryIndexes/microsoft-airport-lszg-grenchen.dat
A	SceneryIndexes/microsoft-airport-lszo-beromuenster.dat
A	SceneryIndexes/microsoft-airport-n15-kingston.dat
A	SceneryIndexes/microsoft-airport-nzmj-martinsbay.dat
A	SceneryIndexes/microsoft-airport-rjt1-itakuragliderport.dat
A	SceneryIndexes/microsoft-airport-voloport.dat
A	SceneryIndexes/microsoft-bushtrip-aleutiancargo.dat
A	SceneryIndexes/microsoft-bushtrip-sanjuan.dat
A	SceneryIndexes/microsoft-discovery-auckland.dat
A	SceneryIndexes/microsoft-discovery-barcelona.dat
A	SceneryIndexes/microsoft-discovery-benmore.dat
A	SceneryIndexes/microsoft-discovery-berlin.dat
A	SceneryIndexes/microsoft-discovery-coimbra.dat
A	SceneryIndexes/microsoft-discovery-darwin.dat
A	SceneryIndexes/microsoft-discovery-florence.dat
A	SceneryIndexes/microsoft-discovery-freiburg.dat
A	SceneryIndexes/microsoft-discovery-gibraltar.dat
A	SceneryIndexes/microsoft-discovery-goldcoast.dat
A	SceneryIndexes/microsoft-discovery-grandcanyon.dat
A	SceneryIndexes/microsoft-discovery-helsinki.dat
A	SceneryIndexes/microsoft-discovery-hongkong.dat
A	SceneryIndexes/microsoft-discovery-lisbon.dat
A	SceneryIndexes/microsoft-discovery-madrid.dat
A	SceneryIndexes/microsoft-discovery-mecca.dat
A	SceneryIndexes/microsoft-discovery-melbourne.dat
A	SceneryIndexes/microsoft-discovery-miami.dat
A	SceneryIndexes/microsoft-discovery-montreal.dat
A	SceneryIndexes/microsoft-discovery-monument.dat
A	SceneryIndexes/microsoft-discovery-mountcook.dat
A	SceneryIndexes/microsoft-discovery-pennine.dat
A	SceneryIndexes/microsoft-discovery-perth.dat
A	SceneryIndexes/microsoft-discovery-queenstown.dat
A	SceneryIndexes/microsoft-discovery-roma.dat
A	SceneryIndexes/microsoft-discovery-rushmore.dat
A	SceneryIndexes/microsoft-discovery-sanfrancisco.dat
A	SceneryIndexes/microsoft-discovery-seattle.dat
A	SceneryIndexes/microsoft-discovery-singapore.dat
A	SceneryIndexes/microsoft-discovery-sprucegoose.dat
A	SceneryIndexes/microsoft-discovery-stlouis.dat
A	SceneryIndexes/microsoft-discovery-sydney.dat
A	SceneryIndexes/microsoft-discovery-toronto.dat
A	SceneryIndexes/microsoft-discovery-uluru.dat
A	SceneryIndexes/microsoft-discovery-vancouver.dat
A	SceneryIndexes/microsoft-discovery-venezia.dat
A	SceneryIndexes/microsoft-discovery-waimea.dat
A	SceneryIndexes/microsoft-griffith-observatory.dat
A	SceneryIndexes/microsoft-modellib-airport-glider.dat
A	SceneryIndexes/mkstudios-airport-lirf-rome.dat
A	SceneryIndexes/mmsimulations-airport-ltbj-izmir-adnan-menderes.dat
A	SceneryIndexes/navigraph-navdata-base.dat
A	SceneryIndexes/navigraph-navdata.dat
A	SceneryIndexes/nzasimulations-airport-nzch-christchurch.dat
A	SceneryIndexes/nzasimulations-airports-nzmc-nzgt-mount-cook.dat
A	SceneryIndexes/orbx-airport-eglc-london-city.dat
A	SceneryIndexes/pf2k-fsact-northitaly.dat
A	SceneryIndexes/pyreegue-airport-ukbb-boryspil.dat
A	SceneryIndexes/rex-misc-accuseason-qld.dat
A	SceneryIndexes/rex-misc-accuseason-stbarts.dat
A	SceneryIndexes/rex-misc-accuseason-us-se.dat
A	SceneryIndexes/seafront-livingworld-vessels-globalshipping.dat
A	SceneryIndexes/seafront-sightseeing-vessels-core.dat
A	SceneryIndexes/simwings-airport-lemh-menorca.dat
A	SceneryIndexes/slv-airport-lipx-verona-villafranca.dat
A	SceneryIndexes/taburet-mesh-austria.dat
A	SceneryIndexes/taburet-mesh-balearic-islands.dat
A	SceneryIndexes/taburet-mesh-germany.dat
A	SceneryIndexes/taburet-mesh-italy.dat
A	SceneryIndexes/taburet-mesh-spain.dat
A	SceneryIndexes/taburet-scenery-night3d-dk-nor.dat
A	SceneryIndexes/taburet-scenery-powerlines-dk-nor-swe.dat
A	SceneryIndexes/tedstricker-airport-sikorsky.dat
A	SceneryIndexes/tropicalsim-airport-sbgr-sao-paulo-guarulhos.dat
A	SceneryIndexes/tropicalsim-airport-sbrj-santos-dumont.dat
A	SimConnect.xml
A	SimObjects/Airplanes/Asobo_208B_GRAND_CARAVAN_EX/state.CFG
A	SimObjects/Airplanes/Asobo_C152/state.CFG
A	SimObjects/Airplanes/Asobo_C172sp_AS1000/cameras.CFG
A	SimObjects/Airplanes/Asobo_C172sp_AS1000/state.CFG
A	SimObjects/Airplanes/Asobo_CJ4/state.CFG
A	SimObjects/Airplanes/Asobo_E330/state.CFG
A	SimObjects/Airplanes/Asobo_FlightDesignCT/state.CFG
A	SimObjects/Airplanes/Asobo_Icon/cameras.CFG
A	SimObjects/Airplanes/Asobo_Icon/state.CFG
A	SimObjects/Airplanes/Asobo_KingAir350/state.CFG
A	SimObjects/Airplanes/Asobo_Longitude/cameras.CFG
A	SimObjects/Airplanes/Asobo_Longitude/state.CFG
A	SimObjects/Airplanes/Asobo_NXCub/state.CFG
A	SimObjects/Airplanes/Asobo_Pitts/state.CFG
A	SimObjects/Airplanes/Asobo_TBM930/state.CFG
A	SimObjects/Airplanes/Asobo_VL3/state.CFG
A	SimObjects/Airplanes/Asobo_XCub/state.CFG
A	SimObjects/Airplanes/Asobo_XCub_Floats/state.CFG
A	SimObjects/Airplanes/Asobo_XCub_Skis/state.CFG
A	SimObjects/Airplanes/JF_146_100/state.CFG
A	SimObjects/Airplanes/JF_146_200/cameras.CFG
A	SimObjects/Airplanes/JF_146_200/state.CFG
A	SimObjects/Airplanes/JF_146_200QT/cameras.CFG
A	SimObjects/Airplanes/JF_146_200QT/state.CFG
A	SimObjects/Airplanes/JF_146_300/cameras.CFG
A	SimObjects/Airplanes/JF_146_300/state.CFG
A	SimObjects/Airplanes/NextGen_EMB110P/cameras.CFG
A	SimObjects/Airplanes/NextGen_EMB110P/state.CFG
A	SimObjects/Airplanes/a400m/state.CFG
A	SimObjects/Airplanes/bigradials-aircraft-goose/cameras.CFG
A	SimObjects/Airplanes/bigradials-aircraft-goose/state.CFG
A	SimObjects/Airplanes/bksq-aircraft-analogbaron/cameras.CFG
A	SimObjects/Airplanes/bksq-aircraft-analogbaron/state.CFG
A	SimObjects/Airplanes/bksq-aircraft-analogbaronturbo/cameras.CFG
A	SimObjects/Airplanes/bksq-aircraft-analogbaronturbo/state.CFG
A	SimObjects/Airplanes/bksq-aircraft-analogkingair/cameras.CFG
A	SimObjects/Airplanes/bksq-aircraft-analogkingair/state.CFG
A	SimObjects/Airplanes/douglas-dc3/cameras.CFG
A	SimObjects/Airplanes/douglas-dc3/state.CFG
A	SimObjects/Airplanes/flyingfries-aircraft-scrapyard/state.CFG
A	SimObjects/Airplanes/wbsim_C172SP_Classic/cameras.CFG
A	SimObjects/Airplanes/wbsim_C172SP_Classic/state.CFG
A	SimObjects/Airplanes/wbsim_C172SP_Classic_Floats/state.CFG
A	SimObjects/Airplanes/wbsim_C172SP_Classic_NoPants/state.CFG
A	SimObjects/Airplanes/wbsim_C172SP_Classic_Skis/state.CFG
A	TemporaryFlight.Flt
A	TemporaryFlight.SPB
A	UserCfg.opt
A	currentFlight.SPB
A	imgui.ini
A	msplans.lnk
